2021-12-21 23:56:20 INFO  BasePage:35 - Beklendi
2021-12-21 23:56:20 INFO  BasePage:25 - By.cssSelector: .myLocation-headsUp .agt-s-info .btnBlack tıklandı
2021-12-21 23:56:20 INFO  BasePage:25 - By.cssSelector: .popin .closeBtn tıklandı
2021-12-21 23:56:22 INFO  BasePage:35 - Beklendi
2021-12-21 23:56:22 INFO  BasePage:46 - By.id: searchData bilgisayar yazıldı
2021-12-21 23:56:29 INFO  BasePage:67 - By.id: searchData tıklandı
2021-12-21 23:56:29 INFO  HomePage:35 - bilgisayar aratıldı
2021-12-21 23:56:31 INFO  BasePage:35 - Beklendi
2021-12-21 23:56:31 INFO  ProductListPage:25 - search sayfası açıldı
2021-12-21 23:56:33 INFO  BasePage:35 - Beklendi
2021-12-21 23:56:38 INFO  BasePage:25 - By.xpath: //*[@id="contentListing"]//a[2] tıklandı
2021-12-21 23:56:38 INFO  ProductListPage:30 - 2.sayfa açıldı
2021-12-21 23:56:40 INFO  BasePage:35 - Beklendi
2021-12-21 23:56:40 INFO  ProductListPage:36 - Sayfa 2 açık
2021-12-21 23:56:42 INFO  BasePage:35 - Beklendi
2021-12-21 23:56:44 INFO  BasePage:35 - Beklendi
2021-12-21 23:56:45 INFO  BasePage:25 - By.xpath: //div[4]/div/div[2]/a tıklandı
2021-12-21 23:56:45 INFO  ProductDetailPage:19 - Sepete eklendi
2021-12-21 23:56:47 INFO  BasePage:35 - Beklendi
2021-12-21 23:56:49 INFO  BasePage:25 - By.className: myBasket tıklandı
2021-12-21 23:56:49 INFO  BasePage:25 - By.xpath: //*[@id="userKvkkModal"]//div[2] tıklandı
2021-12-21 23:56:49 INFO  HomePage:42 - Sepete gidildi
2021-12-21 23:56:51 INFO  BasePage:35 - Beklendi
2021-12-21 23:56:51 INFO  BasketPage:26 - Product detay ve sepet sayfasında ürün fiyatları eşittir.
2021-12-21 23:56:53 INFO  BasePage:35 - Beklendi
2021-12-21 23:56:54 INFO  BasePage:25 - By.className: spinnerUp tıklandı
2021-12-21 23:56:56 INFO  BasePage:35 - Beklendi
2021-12-21 23:56:56 INFO  BasketPage:48 - Adet:2
2021-12-21 23:56:58 INFO  BasePage:35 - Beklendi
2021-12-21 23:56:58 INFO  BasePage:25 - By.className: removeProd tıklandı
2021-12-21 23:57:00 INFO  BasePage:35 - Beklendi
2021-12-21 23:57:01 INFO  BasketPage:41 - Sepet boş
2021-12-21 23:57:30 INFO  BasePage:35 - Beklendi
2021-12-21 23:57:30 INFO  BasePage:25 - By.cssSelector: .myLocation-headsUp .agt-s-info .btnBlack tıklandı
2021-12-21 23:57:30 INFO  BasePage:25 - By.cssSelector: .popin .closeBtn tıklandı
2021-12-21 23:57:32 INFO  BasePage:35 - Beklendi
2021-12-21 23:57:34 INFO  BasePage:25 - By.className: btnSignIn tıklandı
2021-12-21 23:57:34 INFO  HomePage:28 - Login sayfasına gidildi 
2021-12-21 23:57:36 INFO  BasePage:35 - Beklendi
2021-12-21 23:57:37 INFO  LoginPage:25 - Giriş sayfası açıldı
2021-12-21 23:58:22 INFO  BasePage:35 - Beklendi
2021-12-21 23:58:22 INFO  BasePage:25 - By.cssSelector: .myLocation-headsUp .agt-s-info .btnBlack tıklandı
2021-12-21 23:58:22 INFO  BasePage:25 - By.cssSelector: .popin .closeBtn tıklandı
2021-12-21 23:58:24 INFO  BasePage:35 - Beklendi
2021-12-21 23:58:26 INFO  BasePage:25 - By.className: btnSignIn tıklandı
2021-12-21 23:58:26 INFO  HomePage:28 - Login sayfasına gidildi 
2021-12-21 23:58:28 INFO  BasePage:35 - Beklendi
2021-12-21 23:58:28 INFO  LoginPage:25 - Giriş sayfası açıldı
2021-12-21 23:58:30 INFO  BasePage:35 - Beklendi
2021-12-21 23:58:30 INFO  BasePage:46 - By.id: email testtdeneme3@gmail.com yazıldı
2021-12-21 23:58:32 INFO  BasePage:35 - Beklendi
2021-12-21 23:58:32 INFO  BasePage:46 - By.id: password testdeneme1 yazıldı
2021-12-21 23:58:34 INFO  BasePage:35 - Beklendi
2021-12-21 23:58:34 INFO  BasePage:25 - By.id: loginButton tıklandı
